Server running at http://localhost:3000
Connected to database: simworld
Hospitals table ready
Hospital Treatments table ready
Hospital Active Treatments table ready
Notifications table ready
Toxic Logs table ready
Profile Visits table ready
Requesting mine detail for ID: 17 User: 3
Mine detail results: [
  {
    id: 17,
    user_id: 3,
    mine_type: 'bakery',
    level: 1,
    reserve: 10000,
    created_at: 2025-12-14T21:52:40.000Z,
    name: "test's Fırın ve Unlu Mamuller Tesisisadas",
    salary: 10,
    vault: '0.00',
    stock: 0,
    workers: 0,
    max_workers: 5,
    raw_capacity: 1000,
    product_capacity: 500,
    raw_material: 0,
    raw_material_2: 0,
    owner_id: 3,
    owner_name: 'test',
    production_time: null
  }
]
Requesting mine detail for ID: 17 User: 3
Mine detail results: [
  {
    id: 17,
    user_id: 3,
    mine_type: 'bakery',
    level: 1,
    reserve: 10000,
    created_at: 2025-12-14T21:52:40.000Z,
    name: "test's Fırın ve Unlu Mamuller Tesisisadas",
    salary: 10,
    vault: '0.00',
    stock: 0,
    workers: 0,
    max_workers: 5,
    raw_capacity: 1000,
    product_capacity: 500,
    raw_material: 0,
    raw_material_2: 0,
    owner_id: 3,
    owner_name: 'test',
    production_time: null
  }
]
Requesting mine detail for ID: 17 User: 3
Mine detail results: [
  {
    id: 17,
    user_id: 3,
    mine_type: 'bakery',
    level: 1,
    reserve: 10000,
    created_at: 2025-12-14T21:52:40.000Z,
    name: "test's Fırın ve Unlu Mamuller Tesisisadas",
    salary: 10,
    vault: '0.00',
    stock: 0,
    workers: 0,
    max_workers: 5,
    raw_capacity: 1000,
    product_capacity: 500,
    raw_material: 0,
    raw_material_2: 0,
    owner_id: 3,
    owner_name: 'test',
    production_time: null
  }
]
Requesting mine detail for ID: 17 User: 3
Mine detail results: [
  {
    id: 17,
    user_id: 3,
    mine_type: 'bakery',
    level: 1,
    reserve: 10000,
    created_at: 2025-12-14T21:52:40.000Z,
    name: "test's Fırın ve Unlu Mamuller Tesisisadas",
    salary: 10,
    vault: '0.00',
    stock: 0,
    workers: 0,
    max_workers: 5,
    raw_capacity: 1000,
    product_capacity: 500,
    raw_material: 0,
    raw_material_2: 0,
    owner_id: 3,
    owner_name: 'test',
    production_time: null
  }
]
Requesting mine detail for ID: 17 User: 3
Mine detail results: [
  {
    id: 17,
    user_id: 3,
    mine_type: 'bakery',
    level: 1,
    reserve: 10000,
    created_at: 2025-12-14T21:52:40.000Z,
    name: "test's Fırın ve Unlu Mamuller Tesisisadas",
    salary: 10,
    vault: '0.00',
    stock: 0,
    workers: 0,
    max_workers: 5,
    raw_capacity: 1000,
    product_capacity: 500,
    raw_material: 0,
    raw_material_2: 0,
    owner_id: 3,
    owner_name: 'test',
    production_time: null
  }
]
[Mining Start] User: 3, Mine: 17, Type: bakery, ProdTime: null
[Mining Start] User: 3, Mine: 17, Skill: 14, Range: 2-5, Base: 3, Mult: 1, Final: 3
[Mining Start] User: 3, Mine: 17, Type: bakery, ProdTime: null
[Mining Start] User: 3, Mine: 17, Skill: 14, Range: 2-5, Base: 2, Mult: 1, Final: 2
Requesting mine detail for ID: 17 User: 3
Mine detail results: [
  {
    id: 17,
    user_id: 3,
    mine_type: 'bakery',
    level: 1,
    reserve: 10000,
    created_at: 2025-12-14T21:52:40.000Z,
    name: "test's Fırın ve Unlu Mamuller Tesisisadas",
    salary: 10,
    vault: '0.00',
    stock: 0,
    workers: 0,
    max_workers: 5,
    raw_capacity: 1000,
    product_capacity: 500,
    raw_material: 0,
    raw_material_2: 0,
    owner_id: 3,
    owner_name: 'test',
    production_time: null
  }
]
Requesting mine detail for ID: 17 User: 3
Mine detail results: [
  {
    id: 17,
    user_id: 3,
    mine_type: 'bakery',
    level: 1,
    reserve: 10000,
    created_at: 2025-12-14T21:52:40.000Z,
    name: "test's Fırın ve Unlu Mamuller Tesisisadas",
    salary: 10,
    vault: '100000.00',
    stock: 0,
    workers: 0,
    max_workers: 5,
    raw_capacity: 1000,
    product_capacity: 500,
    raw_material: 0,
    raw_material_2: 0,
    owner_id: 3,
    owner_name: 'test',
    production_time: null
  }
]
[Mining Start] User: 3, Mine: 17, Type: bakery, ProdTime: null
[Mining Start] User: 3, Mine: 17, Skill: 14, Range: 2-5, Base: 5, Mult: 1, Final: 5
Requesting mine detail for ID: 17 User: 3
Mine detail results: [
  {
    id: 17,
    user_id: 3,
    mine_type: 'bakery',
    level: 1,
    reserve: 10000,
    created_at: 2025-12-14T21:52:40.000Z,
    name: "test's Fırın ve Unlu Mamuller Tesisisadas",
    salary: 10,
    vault: '100000.00',
    stock: 0,
    workers: 0,
    max_workers: 5,
    raw_capacity: 1000,
    product_capacity: 500,
    raw_material: 0,
    raw_material_2: 0,
    owner_id: 3,
    owner_name: 'test',
    production_time: null
  }
]
Requesting mine detail for ID: 17 User: 3
Mine detail results: [
  {
    id: 17,
    user_id: 3,
    mine_type: 'bakery',
    level: 1,
    reserve: 10000,
    created_at: 2025-12-14T21:52:40.000Z,
    name: "test's Fırın ve Unlu Mamuller Tesisisadas",
    salary: 10,
    vault: '100000.00',
    stock: 0,
    workers: 0,
    max_workers: 5,
    raw_capacity: 1000,
    product_capacity: 500,
    raw_material: 0,
    raw_material_2: 0,
    owner_id: 3,
    owner_name: 'test',
    production_time: null
  }
]
Requesting mine detail for ID: 17 User: 3
Mine detail results: [
  {
    id: 17,
    user_id: 3,
    mine_type: 'bakery',
    level: 1,
    reserve: 10000,
    created_at: 2025-12-14T21:52:40.000Z,
    name: "test's Fırın ve Unlu Mamuller Tesisisadas",
    salary: 10,
    vault: '100000.00',
    stock: 0,
    workers: 0,
    max_workers: 5,
    raw_capacity: 1000,
    product_capacity: 500,
    raw_material: 0,
    raw_material_2: 0,
    owner_id: 3,
    owner_name: 'test',
    production_time: null
  }
]
Requesting mine detail for ID: 17 User: 3
Mine detail results: [
  {
    id: 17,
    user_id: 3,
    mine_type: 'bakery',
    level: 1,
    reserve: 10000,
    created_at: 2025-12-14T21:52:40.000Z,
    name: "test's Fırın ve Unlu Mamuller Tesisisadas",
    salary: 10,
    vault: '100000.00',
    stock: 0,
    workers: 0,
    max_workers: 5,
    raw_capacity: 1000,
    product_capacity: 500,
    raw_material: 0,
    raw_material_2: 0,
    owner_id: 3,
    owner_name: 'test',
    production_time: null
  }
]
Requesting mine detail for ID: 17 User: 3
Mine detail results: [
  {
    id: 17,
    user_id: 3,
    mine_type: 'bakery',
    level: 1,
    reserve: 10000,
    created_at: 2025-12-14T21:52:40.000Z,
    name: "test's Fırın ve Unlu Mamuller Tesisisadas",
    salary: 10,
    vault: '100000.00',
    stock: 0,
    workers: 0,
    max_workers: 5,
    raw_capacity: 1000,
    product_capacity: 500,
    raw_material: 0,
    raw_material_2: 0,
    owner_id: 3,
    owner_name: 'test',
    production_time: null
  }
]
Requesting mine detail for ID: 17 User: 3
Mine detail results: [
  {
    id: 17,
    user_id: 3,
    mine_type: 'bakery',
    level: 1,
    reserve: 10000,
    created_at: 2025-12-14T21:52:40.000Z,
    name: "test's Fırın ve Unlu Mamuller Tesisisadas",
    salary: 10,
    vault: '100000.00',
    stock: 0,
    workers: 0,
    max_workers: 5,
    raw_capacity: 1000,
    product_capacity: 500,
    raw_material: 0,
    raw_material_2: 0,
    owner_id: 3,
    owner_name: 'test',
    production_time: null
  }
]
Requesting mine detail for ID: 17 User: 3
Mine detail results: [
  {
    id: 17,
    user_id: 3,
    mine_type: 'bakery',
    level: 1,
    reserve: 10000,
    created_at: 2025-12-14T21:52:40.000Z,
    name: "test's Fırın ve Unlu Mamuller Tesisisadas",
    salary: 10,
    vault: '100000.00',
    stock: 0,
    workers: 0,
    max_workers: 5,
    raw_capacity: 1000,
    product_capacity: 500,
    raw_material: 0,
    raw_material_2: 0,
    owner_id: 3,
    owner_name: 'test',
    production_time: null
  }
]
Requesting mine detail for ID: 17 User: 3
Mine detail results: [
  {
    id: 17,
    user_id: 3,
    mine_type: 'bakery',
    level: 1,
    reserve: 10000,
    created_at: 2025-12-14T21:52:40.000Z,
    name: "test's Fırın ve Unlu Mamuller Tesisisadas",
    salary: 10,
    vault: '99950.00',
    stock: 5,
    workers: 0,
    max_workers: 5,
    raw_capacity: 1000,
    product_capacity: 500,
    raw_material: 0,
    raw_material_2: 0,
    owner_id: 3,
    owner_name: 'test',
    production_time: null
  }
]
Requesting mine detail for ID: 17 User: 3
Mine detail results: [
  {
    id: 17,
    user_id: 3,
    mine_type: 'bakery',
    level: 1,
    reserve: 10000,
    created_at: 2025-12-14T21:52:40.000Z,
    name: "test's Fırın ve Unlu Mamuller Tesisisadas",
    salary: 10,
    vault: '99950.00',
    stock: 5,
    workers: 0,
    max_workers: 5,
    raw_capacity: 1000,
    product_capacity: 500,
    raw_material: 0,
    raw_material_2: 0,
    owner_id: 3,
    owner_name: 'test',
    production_time: null
  }
]
Requesting mine detail for ID: 17 User: 3
Mine detail results: [
  {
    id: 17,
    user_id: 3,
    mine_type: 'bakery',
    level: 1,
    reserve: 10000,
    created_at: 2025-12-14T21:52:40.000Z,
    name: "test's Fırın ve Unlu Mamuller Tesisisadas",
    salary: 10,
    vault: '99950.00',
    stock: 5,
    workers: 0,
    max_workers: 5,
    raw_capacity: 1000,
    product_capacity: 500,
    raw_material: 0,
    raw_material_2: 0,
    owner_id: 3,
    owner_name: 'test',
    production_time: null
  }
]
Requesting mine detail for ID: 17 User: 3
Mine detail results: [
  {
    id: 17,
    user_id: 3,
    mine_type: 'bakery',
    level: 1,
    reserve: 10000,
    created_at: 2025-12-14T21:52:40.000Z,
    name: "test's Fırın ve Unlu Mamuller Tesisisadas",
    salary: 10,
    vault: '99950.00',
    stock: 5,
    workers: 0,
    max_workers: 5,
    raw_capacity: 1000,
    product_capacity: 500,
    raw_material: 0,
    raw_material_2: 0,
    owner_id: 3,
    owner_name: 'test',
    production_time: null
  }
]
Requesting mine detail for ID: 17 User: 3
Mine detail results: [
  {
    id: 17,
    user_id: 3,
    mine_type: 'bakery',
    level: 1,
    reserve: 10000,
    created_at: 2025-12-14T21:52:40.000Z,
    name: "test's Fırın ve Unlu Mamuller Tesisisadas",
    salary: 10,
    vault: '99950.00',
    stock: 5,
    workers: 0,
    max_workers: 5,
    raw_capacity: 1000,
    product_capacity: 500,
    raw_material: 0,
    raw_material_2: 0,
    owner_id: 3,
    owner_name: 'test',
    production_time: null
  }
]
Requesting mine detail for ID: 17 User: 3
Mine detail results: [
  {
    id: 17,
    user_id: 3,
    mine_type: 'bakery',
    level: 1,
    reserve: 10000,
    created_at: 2025-12-14T21:52:40.000Z,
    name: "test's Fırın ve Unlu Mamuller Tesisisadas",
    salary: 10,
    vault: '99950.00',
    stock: 5,
    workers: 0,
    max_workers: 5,
    raw_capacity: 1000,
    product_capacity: 500,
    raw_material: 0,
    raw_material_2: 0,
    owner_id: 3,
    owner_name: 'test',
    production_time: null
  }
]
Requesting mine detail for ID: 17 User: 3
Mine detail results: [
  {
    id: 17,
    user_id: 3,
    mine_type: 'bakery',
    level: 1,
    reserve: 10000,
    created_at: 2025-12-14T21:52:40.000Z,
    name: "test's Fırın ve Unlu Mamuller Tesisisadas",
    salary: 10,
    vault: '99950.00',
    stock: 5,
    workers: 0,
    max_workers: 5,
    raw_capacity: 1000,
    product_capacity: 500,
    raw_material: 0,
    raw_material_2: 0,
    owner_id: 3,
    owner_name: 'test',
    production_time: null
  }
]
[Mining Start] User: 3, Mine: 17, Type: bakery, ProdTime: null
[Mining Start] User: 3, Mine: 17, Skill: 14, Range: 2-5, Base: 3, Mult: 1, Final: 3
Requesting mine detail for ID: 17 User: 3
Mine detail results: [
  {
    id: 17,
    user_id: 3,
    mine_type: 'bakery',
    level: 1,
    reserve: 10000,
    created_at: 2025-12-14T21:52:40.000Z,
    name: "test's Fırın ve Unlu Mamuller Tesisisadas",
    salary: 10,
    vault: '99950.00',
    stock: 5,
    workers: 0,
    max_workers: 5,
    raw_capacity: 1000,
    product_capacity: 500,
    raw_material: 0,
    raw_material_2: 0,
    owner_id: 3,
    owner_name: 'test',
    production_time: null
  }
]
Requesting mine detail for ID: 17 User: 3
Mine detail results: [
  {
    id: 17,
    user_id: 3,
    mine_type: 'bakery',
    level: 1,
    reserve: 10000,
    created_at: 2025-12-14T21:52:40.000Z,
    name: "test's Fırın ve Unlu Mamuller Tesisisadas",
    salary: 10,
    vault: '99950.00',
    stock: 5,
    workers: 0,
    max_workers: 5,
    raw_capacity: 1000,
    product_capacity: 500,
    raw_material: 0,
    raw_material_2: 0,
    owner_id: 3,
    owner_name: 'test',
    production_time: null
  }
]
Requesting mine detail for ID: 17 User: 3
Mine detail results: [
  {
    id: 17,
    user_id: 3,
    mine_type: 'bakery',
    level: 1,
    reserve: 10000,
    created_at: 2025-12-14T21:52:40.000Z,
    name: "test's Fırın ve Unlu Mamuller Tesisisadas",
    salary: 10,
    vault: '99950.00',
    stock: 5,
    workers: 0,
    max_workers: 5,
    raw_capacity: 1000,
    product_capacity: 500,
    raw_material: 0,
    raw_material_2: 0,
    owner_id: 3,
    owner_name: 'test',
    production_time: null
  }
]
Requesting mine detail for ID: 17 User: 3
Mine detail results: [
  {
    id: 17,
    user_id: 3,
    mine_type: 'bakery',
    level: 1,
    reserve: 10000,
    created_at: 2025-12-14T21:52:40.000Z,
    name: "test's Fırın ve Unlu Mamuller Tesisisadas",
    salary: 10,
    vault: '99950.00',
    stock: 5,
    workers: 0,
    max_workers: 5,
    raw_capacity: 1000,
    product_capacity: 500,
    raw_material: 0,
    raw_material_2: 0,
    owner_id: 3,
    owner_name: 'test',
    production_time: null
  }
]
Requesting mine detail for ID: 17 User: 3
Mine detail results: [
  {
    id: 17,
    user_id: 3,
    mine_type: 'bakery',
    level: 1,
    reserve: 10000,
    created_at: 2025-12-14T21:52:40.000Z,
    name: "test's Fırın ve Unlu Mamuller Tesisisadas",
    salary: 10,
    vault: '99950.00',
    stock: 5,
    workers: 0,
    max_workers: 5,
    raw_capacity: 1000,
    product_capacity: 500,
    raw_material: 0,
    raw_material_2: 0,
    owner_id: 3,
    owner_name: 'test',
    production_time: null
  }
]
Requesting mine detail for ID: 17 User: 3
Mine detail results: [
  {
    id: 17,
    user_id: 3,
    mine_type: 'bakery',
    level: 1,
    reserve: 10000,
    created_at: 2025-12-14T21:52:40.000Z,
    name: "test's Fırın ve Unlu Mamuller Tesisisadas",
    salary: 10,
    vault: '99950.00',
    stock: 5,
    workers: 0,
    max_workers: 5,
    raw_capacity: 1000,
    product_capacity: 500,
    raw_material: 0,
    raw_material_2: 0,
    owner_id: 3,
    owner_name: 'test',
    production_time: null
  }
]
Requesting mine detail for ID: 17 User: 3
Mine detail results: [
  {
    id: 17,
    user_id: 3,
    mine_type: 'bakery',
    level: 1,
    reserve: 10000,
    created_at: 2025-12-14T21:52:40.000Z,
    name: "test's Fırın ve Unlu Mamuller Tesisisadas",
    salary: 10,
    vault: '99950.00',
    stock: 5,
    workers: 0,
    max_workers: 5,
    raw_capacity: 1000,
    product_capacity: 500,
    raw_material: 0,
    raw_material_2: 0,
    owner_id: 3,
    owner_name: 'test',
    production_time: null
  }
]
[Mining Start] User: 3, Mine: 17, Type: bakery, ProdTime: null
[Mining Start] User: 3, Mine: 17, Skill: 14, Range: 2-5, Base: 5, Mult: 1, Final: 5
Requesting mine detail for ID: 17 User: 3
Mine detail results: [
  {
    id: 17,
    user_id: 3,
    mine_type: 'bakery',
    level: 1,
    reserve: 10000,
    created_at: 2025-12-14T21:52:40.000Z,
    name: "test's Fırın ve Unlu Mamuller Tesisisadas",
    salary: 10,
    vault: '99950.00',
    stock: 5,
    workers: 0,
    max_workers: 5,
    raw_capacity: 1000,
    product_capacity: 500,
    raw_material: 0,
    raw_material_2: 0,
    owner_id: 3,
    owner_name: 'test',
    production_time: null
  }
]
Requesting mine detail for ID: 17 User: 3
Mine detail results: [
  {
    id: 17,
    user_id: 3,
    mine_type: 'bakery',
    level: 1,
    reserve: 10000,
    created_at: 2025-12-14T21:52:40.000Z,
    name: "test's Fırın ve Unlu Mamuller Tesisisadas",
    salary: 10,
    vault: '99950.00',
    stock: 5,
    workers: 0,
    max_workers: 5,
    raw_capacity: 1000,
    product_capacity: 500,
    raw_material: 0,
    raw_material_2: 0,
    owner_id: 3,
    owner_name: 'test',
    production_time: null
  }
]
Requesting mine detail for ID: 17 User: 3
Mine detail results: [
  {
    id: 17,
    user_id: 3,
    mine_type: 'bakery',
    level: 1,
    reserve: 10000,
    created_at: 2025-12-14T21:52:40.000Z,
    name: "test's Fırın ve Unlu Mamuller Tesisisadas",
    salary: 10,
    vault: '99950.00',
    stock: 5,
    workers: 0,
    max_workers: 5,
    raw_capacity: 1000,
    product_capacity: 500,
    raw_material: 0,
    raw_material_2: 0,
    owner_id: 3,
    owner_name: 'test',
    production_time: null
  }
]
Requesting mine detail for ID: 17 User: 3
Mine detail results: [
  {
    id: 17,
    user_id: 3,
    mine_type: 'bakery',
    level: 1,
    reserve: 10000,
    created_at: 2025-12-14T21:52:40.000Z,
    name: "test's Fırın ve Unlu Mamuller Tesisisadas",
    salary: 10,
    vault: '99950.00',
    stock: 5,
    workers: 0,
    max_workers: 5,
    raw_capacity: 1000,
    product_capacity: 500,
    raw_material: 0,
    raw_material_2: 0,
    owner_id: 3,
    owner_name: 'test',
    production_time: null
  }
]
Requesting mine detail for ID: 17 User: 3
Mine detail results: [
  {
    id: 17,
    user_id: 3,
    mine_type: 'bakery',
    level: 1,
    reserve: 10000,
    created_at: 2025-12-14T21:52:40.000Z,
    name: "test's Fırın ve Unlu Mamuller Tesisisadas",
    salary: 10,
    vault: '99950.00',
    stock: 5,
    workers: 0,
    max_workers: 5,
    raw_capacity: 1000,
    product_capacity: 500,
    raw_material: 0,
    raw_material_2: 0,
    owner_id: 3,
    owner_name: 'test',
    production_time: null
  }
]
Requesting mine detail for ID: 17 User: 3
Mine detail results: [
  {
    id: 17,
    user_id: 3,
    mine_type: 'bakery',
    level: 1,
    reserve: 10000,
    created_at: 2025-12-14T21:52:40.000Z,
    name: "test's Fırın ve Unlu Mamuller Tesisisadas",
    salary: 10,
    vault: '99950.00',
    stock: 5,
    workers: 0,
    max_workers: 5,
    raw_capacity: 1000,
    product_capacity: 500,
    raw_material: 0,
    raw_material_2: 0,
    owner_id: 3,
    owner_name: 'test',
    production_time: null
  }
]
Requesting mine detail for ID: 17 User: 3
Mine detail results: [
  {
    id: 17,
    user_id: 3,
    mine_type: 'bakery',
    level: 1,
    reserve: 10000,
    created_at: 2025-12-14T21:52:40.000Z,
    name: "test's Fırın ve Unlu Mamuller Tesisisadas",
    salary: 10,
    vault: '99950.00',
    stock: 5,
    workers: 0,
    max_workers: 5,
    raw_capacity: 1000,
    product_capacity: 500,
    raw_material: 0,
    raw_material_2: 0,
    owner_id: 3,
    owner_name: 'test',
    production_time: null
  }
]
Requesting mine detail for ID: 17 User: 3
Mine detail results: [
  {
    id: 17,
    user_id: 3,
    mine_type: 'bakery',
    level: 1,
    reserve: 10000,
    created_at: 2025-12-14T21:52:40.000Z,
    name: "test's Fırın ve Unlu Mamuller Tesisisadas",
    salary: 10,
    vault: '99950.00',
    stock: 5,
    workers: 0,
    max_workers: 5,
    raw_capacity: 1000,
    product_capacity: 500,
    raw_material: 0,
    raw_material_2: 0,
    owner_id: 3,
    owner_name: 'test',
    production_time: null
  }
]
[Mining Collect] Worker Object: {
  id: 134,
  mine_id: 17,
  user_id: 3,
  end_time: 2025-12-14T23:11:21.000Z,
  production_amount: 1,
  amount: 5,
  product_key: 'cake'
}
[Mining Collect] User: 3, Mine: 17, Worker Amount: 5, Final Amount: 5, Product: cake
Requesting mine detail for ID: 17 User: 3
Mine detail results: [
  {
    id: 17,
    user_id: 3,
    mine_type: 'bakery',
    level: 1,
    reserve: 10000,
    created_at: 2025-12-14T21:52:40.000Z,
    name: "test's Fırın ve Unlu Mamuller Tesisisadas",
    salary: 10,
    vault: '99900.00',
    stock: 5,
    workers: 0,
    max_workers: 5,
    raw_capacity: 1000,
    product_capacity: 500,
    raw_material: 0,
    raw_material_2: 0,
    owner_id: 3,
    owner_name: 'test',
    production_time: null
  }
]
Requesting mine detail for ID: 17 User: 3
Mine detail results: [
  {
    id: 17,
    user_id: 3,
    mine_type: 'bakery',
    level: 1,
    reserve: 10000,
    created_at: 2025-12-14T21:52:40.000Z,
    name: "test's Fırın ve Unlu Mamuller Tesisisadas",
    salary: 10,
    vault: '99900.00',
    stock: 5,
    workers: 0,
    max_workers: 5,
    raw_capacity: 1000,
    product_capacity: 500,
    raw_material: 0,
    raw_material_2: 0,
    owner_id: 3,
    owner_name: 'test',
    production_time: null
  }
]
Requesting mine detail for ID: 17 User: 3
Mine detail results: [
  {
    id: 17,
    user_id: 3,
    mine_type: 'bakery',
    level: 1,
    reserve: 10000,
    created_at: 2025-12-14T21:52:40.000Z,
    name: "test's Fırın ve Unlu Mamuller Tesisisadas",
    salary: 10,
    vault: '99900.00',
    stock: 5,
    workers: 0,
    max_workers: 5,
    raw_capacity: 1000,
    product_capacity: 500,
    raw_material: 0,
    raw_material_2: 0,
    owner_id: 3,
    owner_name: 'test',
    production_time: null
  }
]
[Mining Start] User: 3, Mine: 17, Type: bakery, ProdTime: null
[Mining Start] User: 3, Mine: 17, Skill: 14, Range: 2-5, Base: 3, Mult: 1, Final: 3
Requesting mine detail for ID: 17 User: 3
Mine detail results: [
  {
    id: 17,
    user_id: 3,
    mine_type: 'bakery',
    level: 1,
    reserve: 10000,
    created_at: 2025-12-14T21:52:40.000Z,
    name: "test's Fırın ve Unlu Mamuller Tesisisadas",
    salary: 10,
    vault: '99900.00',
    stock: 5,
    workers: 0,
    max_workers: 5,
    raw_capacity: 1000,
    product_capacity: 500,
    raw_material: 0,
    raw_material_2: 0,
    owner_id: 3,
    owner_name: 'test',
    production_time: null
  }
]
Requesting mine detail for ID: 17 User: 3
Mine detail results: [
  {
    id: 17,
    user_id: 3,
    mine_type: 'bakery',
    level: 1,
    reserve: 10000,
    created_at: 2025-12-14T21:52:40.000Z,
    name: "test's Fırın ve Unlu Mamuller Tesisisadas",
    salary: 10,
    vault: '99900.00',
    stock: 5,
    workers: 0,
    max_workers: 5,
    raw_capacity: 1000,
    product_capacity: 500,
    raw_material: 0,
    raw_material_2: 0,
    owner_id: 3,
    owner_name: 'test',
    production_time: null
  }
]
Requesting mine detail for ID: 17 User: 3
Mine detail results: [
  {
    id: 17,
    user_id: 3,
    mine_type: 'bakery',
    level: 1,
    reserve: 10000,
    created_at: 2025-12-14T21:52:40.000Z,
    name: "test's Fırın ve Unlu Mamuller Tesisisadas",
    salary: 10,
    vault: '99900.00',
    stock: 5,
    workers: 0,
    max_workers: 5,
    raw_capacity: 1000,
    product_capacity: 500,
    raw_material: 0,
    raw_material_2: 0,
    owner_id: 3,
    owner_name: 'test',
    production_time: null
  }
]
